CRITICAL - 2025-10-29 14:08:12 --> ErrorException: Undefined array key "esterilizdos"
[Method: GET, Route: mascotas]
in APPPATH\Views\mascotas.php on line 76.
 1 APPPATH\Views\mascotas.php(76): CodeIgniter\Debug\Exceptions->errorHandler(2, 'Undefined array key "esterilizdos"', 'C:\\xampp\\htdocs\\proyecto\\veterinaria\\app\\Views\\mascotas.php', 76)
 2 SYSTEMPATH\View\View.php(226): include('C:\\xampp\\htdocs\\proyecto\\veterinaria\\app\\Views\\mascotas.php')
 3 SYSTEMPATH\View\View.php(229): CodeIgniter\View\View->CodeIgniter\View\{closure}()
 4 SYSTEMPATH\Common.php(1167): CodeIgniter\View\View->render('mascotas', [], true)
 5 APPPATH\Controllers\MascotasController.php(13): view('mascotas', [...])
 6 SYSTEMPATH\CodeIgniter.php(933): App\Controllers\MascotasController->index()
 7 SYSTEMPATH\CodeIgniter.php(507): CodeIgniter\CodeIgniter->runController(Object(App\Controllers\MascotasController))
 8 SYSTEMPATH\CodeIgniter.php(354): CodeIgniter\CodeIgniter->handleRequest(null, Object(Config\Cache), false)
 9 SYSTEMPATH\Boot.php(363): CodeIgniter\CodeIgniter->run()
10 SYSTEMPATH\Boot.php(68): CodeIgniter\Boot::runCodeIgniter(Object(CodeIgniter\CodeIgniter))
11 FCPATH\index.php(59): CodeIgniter\Boot::bootWeb(Object(Config\Paths))
CRITICAL - 2025-10-29 14:08:13 --> ErrorException: Undefined array key "esterilizdos"
[Method: GET, Route: mascotas]
in APPPATH\Views\mascotas.php on line 76.
 1 APPPATH\Views\mascotas.php(76): CodeIgniter\Debug\Exceptions->errorHandler(2, 'Undefined array key "esterilizdos"', 'C:\\xampp\\htdocs\\proyecto\\veterinaria\\app\\Views\\mascotas.php', 76)
 2 SYSTEMPATH\View\View.php(226): include('C:\\xampp\\htdocs\\proyecto\\veterinaria\\app\\Views\\mascotas.php')
 3 SYSTEMPATH\View\View.php(229): CodeIgniter\View\View->CodeIgniter\View\{closure}()
 4 SYSTEMPATH\Common.php(1167): CodeIgniter\View\View->render('mascotas', [], true)
 5 APPPATH\Controllers\MascotasController.php(13): view('mascotas', [...])
 6 SYSTEMPATH\CodeIgniter.php(933): App\Controllers\MascotasController->index()
 7 SYSTEMPATH\CodeIgniter.php(507): CodeIgniter\CodeIgniter->runController(Object(App\Controllers\MascotasController))
 8 SYSTEMPATH\CodeIgniter.php(354): CodeIgniter\CodeIgniter->handleRequest(null, Object(Config\Cache), false)
 9 SYSTEMPATH\Boot.php(363): CodeIgniter\CodeIgniter->run()
10 SYSTEMPATH\Boot.php(68): CodeIgniter\Boot::runCodeIgniter(Object(CodeIgniter\CodeIgniter))
11 FCPATH\index.php(59): CodeIgniter\Boot::bootWeb(Object(Config\Paths))
CRITICAL - 2025-10-29 14:08:13 --> ErrorException: Undefined array key "esterilizdos"
[Method: GET, Route: mascotas]
in APPPATH\Views\mascotas.php on line 76.
 1 APPPATH\Views\mascotas.php(76): CodeIgniter\Debug\Exceptions->errorHandler(2, 'Undefined array key "esterilizdos"', 'C:\\xampp\\htdocs\\proyecto\\veterinaria\\app\\Views\\mascotas.php', 76)
 2 SYSTEMPATH\View\View.php(226): include('C:\\xampp\\htdocs\\proyecto\\veterinaria\\app\\Views\\mascotas.php')
 3 SYSTEMPATH\View\View.php(229): CodeIgniter\View\View->CodeIgniter\View\{closure}()
 4 SYSTEMPATH\Common.php(1167): CodeIgniter\View\View->render('mascotas', [], true)
 5 APPPATH\Controllers\MascotasController.php(13): view('mascotas', [...])
 6 SYSTEMPATH\CodeIgniter.php(933): App\Controllers\MascotasController->index()
 7 SYSTEMPATH\CodeIgniter.php(507): CodeIgniter\CodeIgniter->runController(Object(App\Controllers\MascotasController))
 8 SYSTEMPATH\CodeIgniter.php(354): CodeIgniter\CodeIgniter->handleRequest(null, Object(Config\Cache), false)
 9 SYSTEMPATH\Boot.php(363): CodeIgniter\CodeIgniter->run()
10 SYSTEMPATH\Boot.php(68): CodeIgniter\Boot::runCodeIgniter(Object(CodeIgniter\CodeIgniter))
11 FCPATH\index.php(59): CodeIgniter\Boot::bootWeb(Object(Config\Paths))
CRITICAL - 2025-10-29 14:08:13 --> ErrorException: Undefined array key "esterilizdos"
[Method: GET, Route: mascotas]
in APPPATH\Views\mascotas.php on line 76.
 1 APPPATH\Views\mascotas.php(76): CodeIgniter\Debug\Exceptions->errorHandler(2, 'Undefined array key "esterilizdos"', 'C:\\xampp\\htdocs\\proyecto\\veterinaria\\app\\Views\\mascotas.php', 76)
 2 SYSTEMPATH\View\View.php(226): include('C:\\xampp\\htdocs\\proyecto\\veterinaria\\app\\Views\\mascotas.php')
 3 SYSTEMPATH\View\View.php(229): CodeIgniter\View\View->CodeIgniter\View\{closure}()
 4 SYSTEMPATH\Common.php(1167): CodeIgniter\View\View->render('mascotas', [], true)
 5 APPPATH\Controllers\MascotasController.php(13): view('mascotas', [...])
 6 SYSTEMPATH\CodeIgniter.php(933): App\Controllers\MascotasController->index()
 7 SYSTEMPATH\CodeIgniter.php(507): CodeIgniter\CodeIgniter->runController(Object(App\Controllers\MascotasController))
 8 SYSTEMPATH\CodeIgniter.php(354): CodeIgniter\CodeIgniter->handleRequest(null, Object(Config\Cache), false)
 9 SYSTEMPATH\Boot.php(363): CodeIgniter\CodeIgniter->run()
10 SYSTEMPATH\Boot.php(68): CodeIgniter\Boot::runCodeIgniter(Object(CodeIgniter\CodeIgniter))
11 FCPATH\index.php(59): CodeIgniter\Boot::bootWeb(Object(Config\Paths))
CRITICAL - 2025-10-29 14:10:45 --> ErrorException: Undefined array key "esterilizados"
[Method: GET, Route: mascotas]
in APPPATH\Views\mascotas.php on line 76.
 1 APPPATH\Views\mascotas.php(76): CodeIgniter\Debug\Exceptions->errorHandler(2, 'Undefined array key "esterilizados"', 'C:\\xampp\\htdocs\\proyecto\\veterinaria\\app\\Views\\mascotas.php', 76)
 2 SYSTEMPATH\View\View.php(226): include('C:\\xampp\\htdocs\\proyecto\\veterinaria\\app\\Views\\mascotas.php')
 3 SYSTEMPATH\View\View.php(229): CodeIgniter\View\View->CodeIgniter\View\{closure}()
 4 SYSTEMPATH\Common.php(1167): CodeIgniter\View\View->render('mascotas', [], true)
 5 APPPATH\Controllers\MascotasController.php(13): view('mascotas', [...])
 6 SYSTEMPATH\CodeIgniter.php(933): App\Controllers\MascotasController->index()
 7 SYSTEMPATH\CodeIgniter.php(507): CodeIgniter\CodeIgniter->runController(Object(App\Controllers\MascotasController))
 8 SYSTEMPATH\CodeIgniter.php(354): CodeIgniter\CodeIgniter->handleRequest(null, Object(Config\Cache), false)
 9 SYSTEMPATH\Boot.php(363): CodeIgniter\CodeIgniter->run()
10 SYSTEMPATH\Boot.php(68): CodeIgniter\Boot::runCodeIgniter(Object(CodeIgniter\CodeIgniter))
11 FCPATH\index.php(59): CodeIgniter\Boot::bootWeb(Object(Config\Paths))
CRITICAL - 2025-10-29 14:11:33 --> ErrorException: Undefined variable $autor
[Method: GET, Route: mascotas]
in APPPATH\Views\mascotas.php on line 80.
 1 APPPATH\Views\mascotas.php(80): CodeIgniter\Debug\Exceptions->errorHandler(2, 'Undefined variable $autor', 'C:\\xampp\\htdocs\\proyecto\\veterinaria\\app\\Views\\mascotas.php', 80)
 2 SYSTEMPATH\View\View.php(226): include('C:\\xampp\\htdocs\\proyecto\\veterinaria\\app\\Views\\mascotas.php')
 3 SYSTEMPATH\View\View.php(229): CodeIgniter\View\View->CodeIgniter\View\{closure}()
 4 SYSTEMPATH\Common.php(1167): CodeIgniter\View\View->render('mascotas', [], true)
 5 APPPATH\Controllers\MascotasController.php(13): view('mascotas', [...])
 6 SYSTEMPATH\CodeIgniter.php(933): App\Controllers\MascotasController->index()
 7 SYSTEMPATH\CodeIgniter.php(507): CodeIgniter\CodeIgniter->runController(Object(App\Controllers\MascotasController))
 8 SYSTEMPATH\CodeIgniter.php(354): CodeIgniter\CodeIgniter->handleRequest(null, Object(Config\Cache), false)
 9 SYSTEMPATH\Boot.php(363): CodeIgniter\CodeIgniter->run()
10 SYSTEMPATH\Boot.php(68): CodeIgniter\Boot::runCodeIgniter(Object(CodeIgniter\CodeIgniter))
11 FCPATH\index.php(59): CodeIgniter\Boot::bootWeb(Object(Config\Paths))
ERROR - 2025-10-29 16:00:24 --> mysqli_sql_exception: Unknown column 'estado_disponible' in 'field list' in C:\xampp\htdocs\proyecto\veterinaria\system\Database\MySQLi\Connection.php:327
Stack trace:
#0 C:\xampp\htdocs\proyecto\veterinaria\system\Database\MySQLi\Connection.php(327): mysqli->query('INSERT INTO `ma...', 0)
#1 C:\xampp\htdocs\proyecto\veterinaria\system\Database\BaseConnection.php(729): CodeIgniter\Database\MySQLi\Connection->execute('INSERT INTO `ma...')
#2 C:\xampp\htdocs\proyecto\veterinaria\system\Database\BaseConnection.php(646): CodeIgniter\Database\BaseConnection->simpleQuery('INSERT INTO `ma...')
#3 C:\xampp\htdocs\proyecto\veterinaria\system\Database\BaseBuilder.php(2345): CodeIgniter\Database\BaseConnection->query('INSERT INTO `ma...', Array, false)
#4 C:\xampp\htdocs\proyecto\veterinaria\system\Model.php(394): CodeIgniter\Database\BaseBuilder->insert()
#5 C:\xampp\htdocs\proyecto\veterinaria\system\BaseModel.php(838): CodeIgniter\Model->doInsert(Array)
#6 C:\xampp\htdocs\proyecto\veterinaria\system\Model.php(797): CodeIgniter\BaseModel->insert(Array, true)
#7 C:\xampp\htdocs\proyecto\veterinaria\app\Controllers\MascotasController.php(29): CodeIgniter\Model->insert(Array)
#8 C:\xampp\htdocs\proyecto\veterinaria\system\CodeIgniter.php(933): App\Controllers\MascotasController->agregarMascotas()
#9 C:\xampp\htdocs\proyecto\veterinaria\system\CodeIgniter.php(507): CodeIgniter\CodeIgniter->runController(Object(App\Controllers\MascotasController))
#10 C:\xampp\htdocs\proyecto\veterinaria\system\CodeIgniter.php(354): CodeIgniter\CodeIgniter->handleRequest(NULL, Object(Config\Cache), false)
#11 C:\xampp\htdocs\proyecto\veterinaria\system\Boot.php(363): CodeIgniter\CodeIgniter->run()
#12 C:\xampp\htdocs\proyecto\veterinaria\system\Boot.php(68): CodeIgniter\Boot::runCodeIgniter(Object(CodeIgniter\CodeIgniter))
#13 C:\xampp\htdocs\proyecto\veterinaria\public\index.php(59): CodeIgniter\Boot::bootWeb(Object(Config\Paths))
#14 {main}
CRITICAL - 2025-10-29 16:00:25 --> CodeIgniter\Database\Exceptions\DatabaseException: Unknown column 'estado_disponible' in 'field list'
[Method: POST, Route: agregar_mascotas]
in SYSTEMPATH\Database\BaseConnection.php on line 684.
 1 SYSTEMPATH\Database\BaseBuilder.php(2345): CodeIgniter\Database\BaseConnection->query('INSERT INTO `mascotas` (`id_animal`, `nombre`, `raza`, `especie`, `vacunas`, `esterilizado`, `edad`, `estado_disponible`) VALUES (:id_animal:, :nombre:, :raza:, :especie:, :vacunas:, :esterilizado:, :edad:, :estado_disponible:)', [...], false)
 2 SYSTEMPATH\Model.php(394): CodeIgniter\Database\BaseBuilder->insert()
 3 SYSTEMPATH\BaseModel.php(838): CodeIgniter\Model->doInsert([...])
 4 SYSTEMPATH\Model.php(797): CodeIgniter\BaseModel->insert([...], true)
 5 APPPATH\Controllers\MascotasController.php(29): CodeIgniter\Model->insert([...])
 6 SYSTEMPATH\CodeIgniter.php(933): App\Controllers\MascotasController->agregarMascotas()
 7 SYSTEMPATH\CodeIgniter.php(507): CodeIgniter\CodeIgniter->runController(Object(App\Controllers\MascotasController))
 8 SYSTEMPATH\CodeIgniter.php(354): CodeIgniter\CodeIgniter->handleRequest(null, Object(Config\Cache), false)
 9 SYSTEMPATH\Boot.php(363): CodeIgniter\CodeIgniter->run()
10 SYSTEMPATH\Boot.php(68): CodeIgniter\Boot::runCodeIgniter(Object(CodeIgniter\CodeIgniter))
11 FCPATH\index.php(59): CodeIgniter\Boot::bootWeb(Object(Config\Paths))
CRITICAL - 2025-10-29 16:00:25 --> [Caused by] CodeIgniter\Database\Exceptions\DatabaseException: Unknown column 'estado_disponible' in 'field list'
in SYSTEMPATH\Database\MySQLi\Connection.php on line 332.
 1 SYSTEMPATH\Database\BaseConnection.php(729): CodeIgniter\Database\MySQLi\Connection->execute('INSERT INTO `mascotas` (`id_animal`, `nombre`, `raza`, `especie`, `vacunas`, `esterilizado`, `edad`, `estado_disponible`) VALUES (\'32\', \'Rocky\', \'Pastor Aleman\', \'Perro\', \'Rabia\', \'1\', \'2\', \'disponible\')')
 2 SYSTEMPATH\Database\BaseConnection.php(646): CodeIgniter\Database\BaseConnection->simpleQuery('INSERT INTO `mascotas` (`id_animal`, `nombre`, `raza`, `especie`, `vacunas`, `esterilizado`, `edad`, `estado_disponible`) VALUES (\'32\', \'Rocky\', \'Pastor Aleman\', \'Perro\', \'Rabia\', \'1\', \'2\', \'disponible\')')
 3 SYSTEMPATH\Database\BaseBuilder.php(2345): CodeIgniter\Database\BaseConnection->query('INSERT INTO `mascotas` (`id_animal`, `nombre`, `raza`, `especie`, `vacunas`, `esterilizado`, `edad`, `estado_disponible`) VALUES (:id_animal:, :nombre:, :raza:, :especie:, :vacunas:, :esterilizado:, :edad:, :estado_disponible:)', [...], false)
 4 SYSTEMPATH\Model.php(394): CodeIgniter\Database\BaseBuilder->insert()
 5 SYSTEMPATH\BaseModel.php(838): CodeIgniter\Model->doInsert([...])
 6 SYSTEMPATH\Model.php(797): CodeIgniter\BaseModel->insert([...], true)
 7 APPPATH\Controllers\MascotasController.php(29): CodeIgniter\Model->insert([...])
 8 SYSTEMPATH\CodeIgniter.php(933): App\Controllers\MascotasController->agregarMascotas()
 9 SYSTEMPATH\CodeIgniter.php(507): CodeIgniter\CodeIgniter->runController(Object(App\Controllers\MascotasController))
10 SYSTEMPATH\CodeIgniter.php(354): CodeIgniter\CodeIgniter->handleRequest(null, Object(Config\Cache), false)
11 SYSTEMPATH\Boot.php(363): CodeIgniter\CodeIgniter->run()
12 SYSTEMPATH\Boot.php(68): CodeIgniter\Boot::runCodeIgniter(Object(CodeIgniter\CodeIgniter))
13 FCPATH\index.php(59): CodeIgniter\Boot::bootWeb(Object(Config\Paths))
CRITICAL - 2025-10-29 16:00:25 --> [Caused by] mysqli_sql_exception: Unknown column 'estado_disponible' in 'field list'
in SYSTEMPATH\Database\MySQLi\Connection.php on line 327.
 1 SYSTEMPATH\Database\MySQLi\Connection.php(327): mysqli->query('INSERT INTO `mascotas` (`id_animal`, `nombre`, `raza`, `especie`, `vacunas`, `esterilizado`, `edad`, `estado_disponible`) VALUES (\'32\', \'Rocky\', \'Pastor Aleman\', \'Perro\', \'Rabia\', \'1\', \'2\', \'disponible\')', 0)
 2 SYSTEMPATH\Database\BaseConnection.php(729): CodeIgniter\Database\MySQLi\Connection->execute('INSERT INTO `mascotas` (`id_animal`, `nombre`, `raza`, `especie`, `vacunas`, `esterilizado`, `edad`, `estado_disponible`) VALUES (\'32\', \'Rocky\', \'Pastor Aleman\', \'Perro\', \'Rabia\', \'1\', \'2\', \'disponible\')')
 3 SYSTEMPATH\Database\BaseConnection.php(646): CodeIgniter\Database\BaseConnection->simpleQuery('INSERT INTO `mascotas` (`id_animal`, `nombre`, `raza`, `especie`, `vacunas`, `esterilizado`, `edad`, `estado_disponible`) VALUES (\'32\', \'Rocky\', \'Pastor Aleman\', \'Perro\', \'Rabia\', \'1\', \'2\', \'disponible\')')
 4 SYSTEMPATH\Database\BaseBuilder.php(2345): CodeIgniter\Database\BaseConnection->query('INSERT INTO `mascotas` (`id_animal`, `nombre`, `raza`, `especie`, `vacunas`, `esterilizado`, `edad`, `estado_disponible`) VALUES (:id_animal:, :nombre:, :raza:, :especie:, :vacunas:, :esterilizado:, :edad:, :estado_disponible:)', [...], false)
 5 SYSTEMPATH\Model.php(394): CodeIgniter\Database\BaseBuilder->insert()
 6 SYSTEMPATH\BaseModel.php(838): CodeIgniter\Model->doInsert([...])
 7 SYSTEMPATH\Model.php(797): CodeIgniter\BaseModel->insert([...], true)
 8 APPPATH\Controllers\MascotasController.php(29): CodeIgniter\Model->insert([...])
 9 SYSTEMPATH\CodeIgniter.php(933): App\Controllers\MascotasController->agregarMascotas()
10 SYSTEMPATH\CodeIgniter.php(507): CodeIgniter\CodeIgniter->runController(Object(App\Controllers\MascotasController))
11 SYSTEMPATH\CodeIgniter.php(354): CodeIgniter\CodeIgniter->handleRequest(null, Object(Config\Cache), false)
12 SYSTEMPATH\Boot.php(363): CodeIgniter\CodeIgniter->run()
13 SYSTEMPATH\Boot.php(68): CodeIgniter\Boot::runCodeIgniter(Object(CodeIgniter\CodeIgniter))
14 FCPATH\index.php(59): CodeIgniter\Boot::bootWeb(Object(Config\Paths))
ERROR - 2025-10-29 16:00:42 --> mysqli_sql_exception: Unknown column 'estado_disponible' in 'field list' in C:\xampp\htdocs\proyecto\veterinaria\system\Database\MySQLi\Connection.php:327
Stack trace:
#0 C:\xampp\htdocs\proyecto\veterinaria\system\Database\MySQLi\Connection.php(327): mysqli->query('INSERT INTO `ma...', 0)
#1 C:\xampp\htdocs\proyecto\veterinaria\system\Database\BaseConnection.php(729): CodeIgniter\Database\MySQLi\Connection->execute('INSERT INTO `ma...')
#2 C:\xampp\htdocs\proyecto\veterinaria\system\Database\BaseConnection.php(646): CodeIgniter\Database\BaseConnection->simpleQuery('INSERT INTO `ma...')
#3 C:\xampp\htdocs\proyecto\veterinaria\system\Database\BaseBuilder.php(2345): CodeIgniter\Database\BaseConnection->query('INSERT INTO `ma...', Array, false)
#4 C:\xampp\htdocs\proyecto\veterinaria\system\Model.php(394): CodeIgniter\Database\BaseBuilder->insert()
#5 C:\xampp\htdocs\proyecto\veterinaria\system\BaseModel.php(838): CodeIgniter\Model->doInsert(Array)
#6 C:\xampp\htdocs\proyecto\veterinaria\system\Model.php(797): CodeIgniter\BaseModel->insert(Array, true)
#7 C:\xampp\htdocs\proyecto\veterinaria\app\Controllers\MascotasController.php(29): CodeIgniter\Model->insert(Array)
#8 C:\xampp\htdocs\proyecto\veterinaria\system\CodeIgniter.php(933): App\Controllers\MascotasController->agregarMascotas()
#9 C:\xampp\htdocs\proyecto\veterinaria\system\CodeIgniter.php(507): CodeIgniter\CodeIgniter->runController(Object(App\Controllers\MascotasController))
#10 C:\xampp\htdocs\proyecto\veterinaria\system\CodeIgniter.php(354): CodeIgniter\CodeIgniter->handleRequest(NULL, Object(Config\Cache), false)
#11 C:\xampp\htdocs\proyecto\veterinaria\system\Boot.php(363): CodeIgniter\CodeIgniter->run()
#12 C:\xampp\htdocs\proyecto\veterinaria\system\Boot.php(68): CodeIgniter\Boot::runCodeIgniter(Object(CodeIgniter\CodeIgniter))
#13 C:\xampp\htdocs\proyecto\veterinaria\public\index.php(59): CodeIgniter\Boot::bootWeb(Object(Config\Paths))
#14 {main}
CRITICAL - 2025-10-29 16:00:42 --> CodeIgniter\Database\Exceptions\DatabaseException: Unknown column 'estado_disponible' in 'field list'
[Method: POST, Route: agregar_mascotas]
in SYSTEMPATH\Database\BaseConnection.php on line 684.
 1 SYSTEMPATH\Database\BaseBuilder.php(2345): CodeIgniter\Database\BaseConnection->query('INSERT INTO `mascotas` (`id_animal`, `nombre`, `raza`, `especie`, `vacunas`, `esterilizado`, `edad`, `estado_disponible`) VALUES (:id_animal:, :nombre:, :raza:, :especie:, :vacunas:, :esterilizado:, :edad:, :estado_disponible:)', [...], false)
 2 SYSTEMPATH\Model.php(394): CodeIgniter\Database\BaseBuilder->insert()
 3 SYSTEMPATH\BaseModel.php(838): CodeIgniter\Model->doInsert([...])
 4 SYSTEMPATH\Model.php(797): CodeIgniter\BaseModel->insert([...], true)
 5 APPPATH\Controllers\MascotasController.php(29): CodeIgniter\Model->insert([...])
 6 SYSTEMPATH\CodeIgniter.php(933): App\Controllers\MascotasController->agregarMascotas()
 7 SYSTEMPATH\CodeIgniter.php(507): CodeIgniter\CodeIgniter->runController(Object(App\Controllers\MascotasController))
 8 SYSTEMPATH\CodeIgniter.php(354): CodeIgniter\CodeIgniter->handleRequest(null, Object(Config\Cache), false)
 9 SYSTEMPATH\Boot.php(363): CodeIgniter\CodeIgniter->run()
10 SYSTEMPATH\Boot.php(68): CodeIgniter\Boot::runCodeIgniter(Object(CodeIgniter\CodeIgniter))
11 FCPATH\index.php(59): CodeIgniter\Boot::bootWeb(Object(Config\Paths))
CRITICAL - 2025-10-29 16:00:42 --> [Caused by] CodeIgniter\Database\Exceptions\DatabaseException: Unknown column 'estado_disponible' in 'field list'
in SYSTEMPATH\Database\MySQLi\Connection.php on line 332.
 1 SYSTEMPATH\Database\BaseConnection.php(729): CodeIgniter\Database\MySQLi\Connection->execute('INSERT INTO `mascotas` (`id_animal`, `nombre`, `raza`, `especie`, `vacunas`, `esterilizado`, `edad`, `estado_disponible`) VALUES (\'32\', \'Rocky\', \'Pastor Aleman\', \'Perro\', \'Rabia\', \'1\', \'2\', \'disponible\')')
 2 SYSTEMPATH\Database\BaseConnection.php(646): CodeIgniter\Database\BaseConnection->simpleQuery('INSERT INTO `mascotas` (`id_animal`, `nombre`, `raza`, `especie`, `vacunas`, `esterilizado`, `edad`, `estado_disponible`) VALUES (\'32\', \'Rocky\', \'Pastor Aleman\', \'Perro\', \'Rabia\', \'1\', \'2\', \'disponible\')')
 3 SYSTEMPATH\Database\BaseBuilder.php(2345): CodeIgniter\Database\BaseConnection->query('INSERT INTO `mascotas` (`id_animal`, `nombre`, `raza`, `especie`, `vacunas`, `esterilizado`, `edad`, `estado_disponible`) VALUES (:id_animal:, :nombre:, :raza:, :especie:, :vacunas:, :esterilizado:, :edad:, :estado_disponible:)', [...], false)
 4 SYSTEMPATH\Model.php(394): CodeIgniter\Database\BaseBuilder->insert()
 5 SYSTEMPATH\BaseModel.php(838): CodeIgniter\Model->doInsert([...])
 6 SYSTEMPATH\Model.php(797): CodeIgniter\BaseModel->insert([...], true)
 7 APPPATH\Controllers\MascotasController.php(29): CodeIgniter\Model->insert([...])
 8 SYSTEMPATH\CodeIgniter.php(933): App\Controllers\MascotasController->agregarMascotas()
 9 SYSTEMPATH\CodeIgniter.php(507): CodeIgniter\CodeIgniter->runController(Object(App\Controllers\MascotasController))
10 SYSTEMPATH\CodeIgniter.php(354): CodeIgniter\CodeIgniter->handleRequest(null, Object(Config\Cache), false)
11 SYSTEMPATH\Boot.php(363): CodeIgniter\CodeIgniter->run()
12 SYSTEMPATH\Boot.php(68): CodeIgniter\Boot::runCodeIgniter(Object(CodeIgniter\CodeIgniter))
13 FCPATH\index.php(59): CodeIgniter\Boot::bootWeb(Object(Config\Paths))
CRITICAL - 2025-10-29 16:00:42 --> [Caused by] mysqli_sql_exception: Unknown column 'estado_disponible' in 'field list'
in SYSTEMPATH\Database\MySQLi\Connection.php on line 327.
 1 SYSTEMPATH\Database\MySQLi\Connection.php(327): mysqli->query('INSERT INTO `mascotas` (`id_animal`, `nombre`, `raza`, `especie`, `vacunas`, `esterilizado`, `edad`, `estado_disponible`) VALUES (\'32\', \'Rocky\', \'Pastor Aleman\', \'Perro\', \'Rabia\', \'1\', \'2\', \'disponible\')', 0)
 2 SYSTEMPATH\Database\BaseConnection.php(729): CodeIgniter\Database\MySQLi\Connection->execute('INSERT INTO `mascotas` (`id_animal`, `nombre`, `raza`, `especie`, `vacunas`, `esterilizado`, `edad`, `estado_disponible`) VALUES (\'32\', \'Rocky\', \'Pastor Aleman\', \'Perro\', \'Rabia\', \'1\', \'2\', \'disponible\')')
 3 SYSTEMPATH\Database\BaseConnection.php(646): CodeIgniter\Database\BaseConnection->simpleQuery('INSERT INTO `mascotas` (`id_animal`, `nombre`, `raza`, `especie`, `vacunas`, `esterilizado`, `edad`, `estado_disponible`) VALUES (\'32\', \'Rocky\', \'Pastor Aleman\', \'Perro\', \'Rabia\', \'1\', \'2\', \'disponible\')')
 4 SYSTEMPATH\Database\BaseBuilder.php(2345): CodeIgniter\Database\BaseConnection->query('INSERT INTO `mascotas` (`id_animal`, `nombre`, `raza`, `especie`, `vacunas`, `esterilizado`, `edad`, `estado_disponible`) VALUES (:id_animal:, :nombre:, :raza:, :especie:, :vacunas:, :esterilizado:, :edad:, :estado_disponible:)', [...], false)
 5 SYSTEMPATH\Model.php(394): CodeIgniter\Database\BaseBuilder->insert()
 6 SYSTEMPATH\BaseModel.php(838): CodeIgniter\Model->doInsert([...])
 7 SYSTEMPATH\Model.php(797): CodeIgniter\BaseModel->insert([...], true)
 8 APPPATH\Controllers\MascotasController.php(29): CodeIgniter\Model->insert([...])
 9 SYSTEMPATH\CodeIgniter.php(933): App\Controllers\MascotasController->agregarMascotas()
10 SYSTEMPATH\CodeIgniter.php(507): CodeIgniter\CodeIgniter->runController(Object(App\Controllers\MascotasController))
11 SYSTEMPATH\CodeIgniter.php(354): CodeIgniter\CodeIgniter->handleRequest(null, Object(Config\Cache), false)
12 SYSTEMPATH\Boot.php(363): CodeIgniter\CodeIgniter->run()
13 SYSTEMPATH\Boot.php(68): CodeIgniter\Boot::runCodeIgniter(Object(CodeIgniter\CodeIgniter))
14 FCPATH\index.php(59): CodeIgniter\Boot::bootWeb(Object(Config\Paths))
ERROR - 2025-10-29 16:00:46 --> mysqli_sql_exception: Unknown column 'estado_disponible' in 'field list' in C:\xampp\htdocs\proyecto\veterinaria\system\Database\MySQLi\Connection.php:327
Stack trace:
#0 C:\xampp\htdocs\proyecto\veterinaria\system\Database\MySQLi\Connection.php(327): mysqli->query('INSERT INTO `ma...', 0)
#1 C:\xampp\htdocs\proyecto\veterinaria\system\Database\BaseConnection.php(729): CodeIgniter\Database\MySQLi\Connection->execute('INSERT INTO `ma...')
#2 C:\xampp\htdocs\proyecto\veterinaria\system\Database\BaseConnection.php(646): CodeIgniter\Database\BaseConnection->simpleQuery('INSERT INTO `ma...')
#3 C:\xampp\htdocs\proyecto\veterinaria\system\Database\BaseBuilder.php(2345): CodeIgniter\Database\BaseConnection->query('INSERT INTO `ma...', Array, false)
#4 C:\xampp\htdocs\proyecto\veterinaria\system\Model.php(394): CodeIgniter\Database\BaseBuilder->insert()
#5 C:\xampp\htdocs\proyecto\veterinaria\system\BaseModel.php(838): CodeIgniter\Model->doInsert(Array)
#6 C:\xampp\htdocs\proyecto\veterinaria\system\Model.php(797): CodeIgniter\BaseModel->insert(Array, true)
#7 C:\xampp\htdocs\proyecto\veterinaria\app\Controllers\MascotasController.php(29): CodeIgniter\Model->insert(Array)
#8 C:\xampp\htdocs\proyecto\veterinaria\system\CodeIgniter.php(933): App\Controllers\MascotasController->agregarMascotas()
#9 C:\xampp\htdocs\proyecto\veterinaria\system\CodeIgniter.php(507): CodeIgniter\CodeIgniter->runController(Object(App\Controllers\MascotasController))
#10 C:\xampp\htdocs\proyecto\veterinaria\system\CodeIgniter.php(354): CodeIgniter\CodeIgniter->handleRequest(NULL, Object(Config\Cache), false)
#11 C:\xampp\htdocs\proyecto\veterinaria\system\Boot.php(363): CodeIgniter\CodeIgniter->run()
#12 C:\xampp\htdocs\proyecto\veterinaria\system\Boot.php(68): CodeIgniter\Boot::runCodeIgniter(Object(CodeIgniter\CodeIgniter))
#13 C:\xampp\htdocs\proyecto\veterinaria\public\index.php(59): CodeIgniter\Boot::bootWeb(Object(Config\Paths))
#14 {main}
CRITICAL - 2025-10-29 16:00:46 --> CodeIgniter\Database\Exceptions\DatabaseException: Unknown column 'estado_disponible' in 'field list'
[Method: POST, Route: agregar_mascotas]
in SYSTEMPATH\Database\BaseConnection.php on line 684.
 1 SYSTEMPATH\Database\BaseBuilder.php(2345): CodeIgniter\Database\BaseConnection->query('INSERT INTO `mascotas` (`id_animal`, `nombre`, `raza`, `especie`, `vacunas`, `esterilizado`, `edad`, `estado_disponible`) VALUES (:id_animal:, :nombre:, :raza:, :especie:, :vacunas:, :esterilizado:, :edad:, :estado_disponible:)', [...], false)
 2 SYSTEMPATH\Model.php(394): CodeIgniter\Database\BaseBuilder->insert()
 3 SYSTEMPATH\BaseModel.php(838): CodeIgniter\Model->doInsert([...])
 4 SYSTEMPATH\Model.php(797): CodeIgniter\BaseModel->insert([...], true)
 5 APPPATH\Controllers\MascotasController.php(29): CodeIgniter\Model->insert([...])
 6 SYSTEMPATH\CodeIgniter.php(933): App\Controllers\MascotasController->agregarMascotas()
 7 SYSTEMPATH\CodeIgniter.php(507): CodeIgniter\CodeIgniter->runController(Object(App\Controllers\MascotasController))
 8 SYSTEMPATH\CodeIgniter.php(354): CodeIgniter\CodeIgniter->handleRequest(null, Object(Config\Cache), false)
 9 SYSTEMPATH\Boot.php(363): CodeIgniter\CodeIgniter->run()
10 SYSTEMPATH\Boot.php(68): CodeIgniter\Boot::runCodeIgniter(Object(CodeIgniter\CodeIgniter))
11 FCPATH\index.php(59): CodeIgniter\Boot::bootWeb(Object(Config\Paths))
CRITICAL - 2025-10-29 16:00:46 --> [Caused by] CodeIgniter\Database\Exceptions\DatabaseException: Unknown column 'estado_disponible' in 'field list'
in SYSTEMPATH\Database\MySQLi\Connection.php on line 332.
 1 SYSTEMPATH\Database\BaseConnection.php(729): CodeIgniter\Database\MySQLi\Connection->execute('INSERT INTO `mascotas` (`id_animal`, `nombre`, `raza`, `especie`, `vacunas`, `esterilizado`, `edad`, `estado_disponible`) VALUES (\'32\', \'Rocky\', \'Pastor Aleman\', \'Perro\', \'Rabia\', \'1\', \'2\', \'disponible\')')
 2 SYSTEMPATH\Database\BaseConnection.php(646): CodeIgniter\Database\BaseConnection->simpleQuery('INSERT INTO `mascotas` (`id_animal`, `nombre`, `raza`, `especie`, `vacunas`, `esterilizado`, `edad`, `estado_disponible`) VALUES (\'32\', \'Rocky\', \'Pastor Aleman\', \'Perro\', \'Rabia\', \'1\', \'2\', \'disponible\')')
 3 SYSTEMPATH\Database\BaseBuilder.php(2345): CodeIgniter\Database\BaseConnection->query('INSERT INTO `mascotas` (`id_animal`, `nombre`, `raza`, `especie`, `vacunas`, `esterilizado`, `edad`, `estado_disponible`) VALUES (:id_animal:, :nombre:, :raza:, :especie:, :vacunas:, :esterilizado:, :edad:, :estado_disponible:)', [...], false)
 4 SYSTEMPATH\Model.php(394): CodeIgniter\Database\BaseBuilder->insert()
 5 SYSTEMPATH\BaseModel.php(838): CodeIgniter\Model->doInsert([...])
 6 SYSTEMPATH\Model.php(797): CodeIgniter\BaseModel->insert([...], true)
 7 APPPATH\Controllers\MascotasController.php(29): CodeIgniter\Model->insert([...])
 8 SYSTEMPATH\CodeIgniter.php(933): App\Controllers\MascotasController->agregarMascotas()
 9 SYSTEMPATH\CodeIgniter.php(507): CodeIgniter\CodeIgniter->runController(Object(App\Controllers\MascotasController))
10 SYSTEMPATH\CodeIgniter.php(354): CodeIgniter\CodeIgniter->handleRequest(null, Object(Config\Cache), false)
11 SYSTEMPATH\Boot.php(363): CodeIgniter\CodeIgniter->run()
12 SYSTEMPATH\Boot.php(68): CodeIgniter\Boot::runCodeIgniter(Object(CodeIgniter\CodeIgniter))
13 FCPATH\index.php(59): CodeIgniter\Boot::bootWeb(Object(Config\Paths))
CRITICAL - 2025-10-29 16:00:46 --> [Caused by] mysqli_sql_exception: Unknown column 'estado_disponible' in 'field list'
in SYSTEMPATH\Database\MySQLi\Connection.php on line 327.
 1 SYSTEMPATH\Database\MySQLi\Connection.php(327): mysqli->query('INSERT INTO `mascotas` (`id_animal`, `nombre`, `raza`, `especie`, `vacunas`, `esterilizado`, `edad`, `estado_disponible`) VALUES (\'32\', \'Rocky\', \'Pastor Aleman\', \'Perro\', \'Rabia\', \'1\', \'2\', \'disponible\')', 0)
 2 SYSTEMPATH\Database\BaseConnection.php(729): CodeIgniter\Database\MySQLi\Connection->execute('INSERT INTO `mascotas` (`id_animal`, `nombre`, `raza`, `especie`, `vacunas`, `esterilizado`, `edad`, `estado_disponible`) VALUES (\'32\', \'Rocky\', \'Pastor Aleman\', \'Perro\', \'Rabia\', \'1\', \'2\', \'disponible\')')
 3 SYSTEMPATH\Database\BaseConnection.php(646): CodeIgniter\Database\BaseConnection->simpleQuery('INSERT INTO `mascotas` (`id_animal`, `nombre`, `raza`, `especie`, `vacunas`, `esterilizado`, `edad`, `estado_disponible`) VALUES (\'32\', \'Rocky\', \'Pastor Aleman\', \'Perro\', \'Rabia\', \'1\', \'2\', \'disponible\')')
 4 SYSTEMPATH\Database\BaseBuilder.php(2345): CodeIgniter\Database\BaseConnection->query('INSERT INTO `mascotas` (`id_animal`, `nombre`, `raza`, `especie`, `vacunas`, `esterilizado`, `edad`, `estado_disponible`) VALUES (:id_animal:, :nombre:, :raza:, :especie:, :vacunas:, :esterilizado:, :edad:, :estado_disponible:)', [...], false)
 5 SYSTEMPATH\Model.php(394): CodeIgniter\Database\BaseBuilder->insert()
 6 SYSTEMPATH\BaseModel.php(838): CodeIgniter\Model->doInsert([...])
 7 SYSTEMPATH\Model.php(797): CodeIgniter\BaseModel->insert([...], true)
 8 APPPATH\Controllers\MascotasController.php(29): CodeIgniter\Model->insert([...])
 9 SYSTEMPATH\CodeIgniter.php(933): App\Controllers\MascotasController->agregarMascotas()
10 SYSTEMPATH\CodeIgniter.php(507): CodeIgniter\CodeIgniter->runController(Object(App\Controllers\MascotasController))
11 SYSTEMPATH\CodeIgniter.php(354): CodeIgniter\CodeIgniter->handleRequest(null, Object(Config\Cache), false)
12 SYSTEMPATH\Boot.php(363): CodeIgniter\CodeIgniter->run()
13 SYSTEMPATH\Boot.php(68): CodeIgniter\Boot::runCodeIgniter(Object(CodeIgniter\CodeIgniter))
14 FCPATH\index.php(59): CodeIgniter\Boot::bootWeb(Object(Config\Paths))
CRITICAL - 2025-10-29 16:39:58 --> ErrorException: Cannot redeclare App\Controllers\MascotasController::index()
[Method: POST, Route: agregar_mascotas]
in APPPATH\Controllers\MascotasController.php on line 65.
 1 [internal function]: CodeIgniter\Debug\Exceptions->shutdownHandler()
CRITICAL - 2025-10-29 16:43:45 --> ParseError: syntax error, unexpected token "public"
[Method: GET, Route: mascotas]
in APPPATH\Controllers\MascotasController.php on line 55.
 1 SYSTEMPATH\Autoloader\Autoloader.php(295): CodeIgniter\Autoloader\Autoloader->includeFile('C:\\xampp\\htdocs\\proyecto\\veterinaria\\app\\Controllers\\MascotasController.php')
 2 SYSTEMPATH\Autoloader\Autoloader.php(271): CodeIgniter\Autoloader\Autoloader->loadInNamespace('App\\Controllers\\MascotasController')
 3 [internal function]: CodeIgniter\Autoloader\Autoloader->loadClass('App\\Controllers\\MascotasController')
 4 SYSTEMPATH\CodeIgniter.php(885): class_exists('\\App\\Controllers\\MascotasController', true)
 5 SYSTEMPATH\CodeIgniter.php(494): CodeIgniter\CodeIgniter->startController()
 6 SYSTEMPATH\CodeIgniter.php(354): CodeIgniter\CodeIgniter->handleRequest(null, Object(Config\Cache), false)
 7 SYSTEMPATH\Boot.php(363): CodeIgniter\CodeIgniter->run()
 8 SYSTEMPATH\Boot.php(68): CodeIgniter\Boot::runCodeIgniter(Object(CodeIgniter\CodeIgniter))
 9 FCPATH\index.php(59): CodeIgniter\Boot::bootWeb(Object(Config\Paths))
CRITICAL - 2025-10-29 16:47:21 --> TypeError: CodeIgniter\Database\BaseBuilder::like(): Argument #2 ($match) must be of type string, null given, called in C:\xampp\htdocs\proyecto\veterinaria\system\Model.php on line 925
[Method: GET, Route: buscar_mascotas/1]
in SYSTEMPATH\Database\BaseBuilder.php on line 1008.
 1 SYSTEMPATH\Model.php(925): CodeIgniter\Database\BaseBuilder->like('nombre', null)
 2 APPPATH\Controllers\MascotasController.php(46): CodeIgniter\Model->__call('like', [...])
 3 SYSTEMPATH\CodeIgniter.php(933): App\Controllers\MascotasController->buscarMascotas('1')
 4 SYSTEMPATH\CodeIgniter.php(507): CodeIgniter\CodeIgniter->runController(Object(App\Controllers\MascotasController))
 5 SYSTEMPATH\CodeIgniter.php(354): CodeIgniter\CodeIgniter->handleRequest(null, Object(Config\Cache), false)
 6 SYSTEMPATH\Boot.php(363): CodeIgniter\CodeIgniter->run()
 7 SYSTEMPATH\Boot.php(68): CodeIgniter\Boot::runCodeIgniter(Object(CodeIgniter\CodeIgniter))
 8 FCPATH\index.php(59): CodeIgniter\Boot::bootWeb(Object(Config\Paths))
CRITICAL - 2025-10-29 16:47:45 --> TypeError: CodeIgniter\Database\BaseBuilder::like(): Argument #2 ($match) must be of type string, null given, called in C:\xampp\htdocs\proyecto\veterinaria\system\Model.php on line 925
[Method: GET, Route: buscar_mascotas/30]
in SYSTEMPATH\Database\BaseBuilder.php on line 1008.
 1 SYSTEMPATH\Model.php(925): CodeIgniter\Database\BaseBuilder->like('nombre', null)
 2 APPPATH\Controllers\MascotasController.php(46): CodeIgniter\Model->__call('like', [...])
 3 SYSTEMPATH\CodeIgniter.php(933): App\Controllers\MascotasController->buscarMascotas('30')
 4 SYSTEMPATH\CodeIgniter.php(507): CodeIgniter\CodeIgniter->runController(Object(App\Controllers\MascotasController))
 5 SYSTEMPATH\CodeIgniter.php(354): CodeIgniter\CodeIgniter->handleRequest(null, Object(Config\Cache), false)
 6 SYSTEMPATH\Boot.php(363): CodeIgniter\CodeIgniter->run()
 7 SYSTEMPATH\Boot.php(68): CodeIgniter\Boot::runCodeIgniter(Object(CodeIgniter\CodeIgniter))
 8 FCPATH\index.php(59): CodeIgniter\Boot::bootWeb(Object(Config\Paths))
CRITICAL - 2025-10-29 16:48:06 --> TypeError: CodeIgniter\Database\BaseBuilder::like(): Argument #2 ($match) must be of type string, null given, called in C:\xampp\htdocs\proyecto\veterinaria\system\Model.php on line 925
[Method: GET, Route: buscar_mascotas/31]
in SYSTEMPATH\Database\BaseBuilder.php on line 1008.
 1 SYSTEMPATH\Model.php(925): CodeIgniter\Database\BaseBuilder->like('nombre', null)
 2 APPPATH\Controllers\MascotasController.php(46): CodeIgniter\Model->__call('like', [...])
 3 SYSTEMPATH\CodeIgniter.php(933): App\Controllers\MascotasController->buscarMascotas('31')
 4 SYSTEMPATH\CodeIgniter.php(507): CodeIgniter\CodeIgniter->runController(Object(App\Controllers\MascotasController))
 5 SYSTEMPATH\CodeIgniter.php(354): CodeIgniter\CodeIgniter->handleRequest(null, Object(Config\Cache), false)
 6 SYSTEMPATH\Boot.php(363): CodeIgniter\CodeIgniter->run()
 7 SYSTEMPATH\Boot.php(68): CodeIgniter\Boot::runCodeIgniter(Object(CodeIgniter\CodeIgniter))
 8 FCPATH\index.php(59): CodeIgniter\Boot::bootWeb(Object(Config\Paths))
CRITICAL - 2025-10-29 16:48:51 --> TypeError: CodeIgniter\Database\BaseBuilder::like(): Argument #2 ($match) must be of type string, null given, called in C:\xampp\htdocs\proyecto\veterinaria\system\Model.php on line 925
[Method: GET, Route: buscar_mascotas/31]
in SYSTEMPATH\Database\BaseBuilder.php on line 1008.
 1 SYSTEMPATH\Model.php(925): CodeIgniter\Database\BaseBuilder->like('nombre', null)
 2 APPPATH\Controllers\MascotasController.php(46): CodeIgniter\Model->__call('like', [...])
 3 SYSTEMPATH\CodeIgniter.php(933): App\Controllers\MascotasController->buscarMascotas('31')
 4 SYSTEMPATH\CodeIgniter.php(507): CodeIgniter\CodeIgniter->runController(Object(App\Controllers\MascotasController))
 5 SYSTEMPATH\CodeIgniter.php(354): CodeIgniter\CodeIgniter->handleRequest(null, Object(Config\Cache), false)
 6 SYSTEMPATH\Boot.php(363): CodeIgniter\CodeIgniter->run()
 7 SYSTEMPATH\Boot.php(68): CodeIgniter\Boot::runCodeIgniter(Object(CodeIgniter\CodeIgniter))
 8 FCPATH\index.php(59): CodeIgniter\Boot::bootWeb(Object(Config\Paths))
