CRITICAL - 2025-10-30 16:31:28 --> ErrorException: Undefined array key "fecha_citaraza"
[Method: GET, Route: citas]
in APPPATH\Views\citas.php on line 96.
 1 APPPATH\Views\citas.php(96): CodeIgniter\Debug\Exceptions->errorHandler(2, 'Undefined array key "fecha_citaraza"', 'C:\\xampp\\htdocs\\proyecto\\veterinaria\\app\\Views\\citas.php', 96)
 2 SYSTEMPATH\View\View.php(226): include('C:\\xampp\\htdocs\\proyecto\\veterinaria\\app\\Views\\citas.php')
 3 SYSTEMPATH\View\View.php(229): CodeIgniter\View\View->CodeIgniter\View\{closure}()
 4 SYSTEMPATH\Common.php(1167): CodeIgniter\View\View->render('citas', [], true)
 5 APPPATH\Controllers\CitasController.php(12): view('citas', [...])
 6 SYSTEMPATH\CodeIgniter.php(933): App\Controllers\CitasController->index()
 7 SYSTEMPATH\CodeIgniter.php(507): CodeIgniter\CodeIgniter->runController(Object(App\Controllers\CitasController))
 8 SYSTEMPATH\CodeIgniter.php(354): CodeIgniter\CodeIgniter->handleRequest(null, Object(Config\Cache), false)
 9 SYSTEMPATH\Boot.php(363): CodeIgniter\CodeIgniter->run()
10 SYSTEMPATH\Boot.php(68): CodeIgniter\Boot::runCodeIgniter(Object(CodeIgniter\CodeIgniter))
11 FCPATH\index.php(59): CodeIgniter\Boot::bootWeb(Object(Config\Paths))
CRITICAL - 2025-10-30 16:31:59 --> ErrorException: Undefined array key "fecha_citaraza"
[Method: GET, Route: citas]
in APPPATH\Views\citas.php on line 96.
 1 APPPATH\Views\citas.php(96): CodeIgniter\Debug\Exceptions->errorHandler(2, 'Undefined array key "fecha_citaraza"', 'C:\\xampp\\htdocs\\proyecto\\veterinaria\\app\\Views\\citas.php', 96)
 2 SYSTEMPATH\View\View.php(226): include('C:\\xampp\\htdocs\\proyecto\\veterinaria\\app\\Views\\citas.php')
 3 SYSTEMPATH\View\View.php(229): CodeIgniter\View\View->CodeIgniter\View\{closure}()
 4 SYSTEMPATH\Common.php(1167): CodeIgniter\View\View->render('citas', [], true)
 5 APPPATH\Controllers\CitasController.php(12): view('citas', [...])
 6 SYSTEMPATH\CodeIgniter.php(933): App\Controllers\CitasController->index()
 7 SYSTEMPATH\CodeIgniter.php(507): CodeIgniter\CodeIgniter->runController(Object(App\Controllers\CitasController))
 8 SYSTEMPATH\CodeIgniter.php(354): CodeIgniter\CodeIgniter->handleRequest(null, Object(Config\Cache), false)
 9 SYSTEMPATH\Boot.php(363): CodeIgniter\CodeIgniter->run()
10 SYSTEMPATH\Boot.php(68): CodeIgniter\Boot::runCodeIgniter(Object(CodeIgniter\CodeIgniter))
11 FCPATH\index.php(59): CodeIgniter\Boot::bootWeb(Object(Config\Paths))
ERROR - 2025-10-30 16:42:12 --> mysqli_sql_exception: Cannot add or update a child row: a foreign key constraint fails (`refugio_animales`.`citas`, CONSTRAINT `citas_ibfk_1` FOREIGN KEY (`id_solicitud`) REFERENCES `solicitudes` (`id_solicitud`)) in C:\xampp\htdocs\proyecto\veterinaria\system\Database\MySQLi\Connection.php:327
Stack trace:
#0 C:\xampp\htdocs\proyecto\veterinaria\system\Database\MySQLi\Connection.php(327): mysqli->query('INSERT INTO `ci...', 0)
#1 C:\xampp\htdocs\proyecto\veterinaria\system\Database\BaseConnection.php(729): CodeIgniter\Database\MySQLi\Connection->execute('INSERT INTO `ci...')
#2 C:\xampp\htdocs\proyecto\veterinaria\system\Database\BaseConnection.php(646): CodeIgniter\Database\BaseConnection->simpleQuery('INSERT INTO `ci...')
#3 C:\xampp\htdocs\proyecto\veterinaria\system\Database\BaseBuilder.php(2345): CodeIgniter\Database\BaseConnection->query('INSERT INTO `ci...', Array, false)
#4 C:\xampp\htdocs\proyecto\veterinaria\system\Model.php(394): CodeIgniter\Database\BaseBuilder->insert()
#5 C:\xampp\htdocs\proyecto\veterinaria\system\BaseModel.php(838): CodeIgniter\Model->doInsert(Array)
#6 C:\xampp\htdocs\proyecto\veterinaria\system\Model.php(797): CodeIgniter\BaseModel->insert(Array, true)
#7 C:\xampp\htdocs\proyecto\veterinaria\app\Controllers\CitasController.php(28): CodeIgniter\Model->insert(Array)
#8 C:\xampp\htdocs\proyecto\veterinaria\system\CodeIgniter.php(933): App\Controllers\CitasController->agregarCitas()
#9 C:\xampp\htdocs\proyecto\veterinaria\system\CodeIgniter.php(507): CodeIgniter\CodeIgniter->runController(Object(App\Controllers\CitasController))
#10 C:\xampp\htdocs\proyecto\veterinaria\system\CodeIgniter.php(354): CodeIgniter\CodeIgniter->handleRequest(NULL, Object(Config\Cache), false)
#11 C:\xampp\htdocs\proyecto\veterinaria\system\Boot.php(363): CodeIgniter\CodeIgniter->run()
#12 C:\xampp\htdocs\proyecto\veterinaria\system\Boot.php(68): CodeIgniter\Boot::runCodeIgniter(Object(CodeIgniter\CodeIgniter))
#13 C:\xampp\htdocs\proyecto\veterinaria\public\index.php(59): CodeIgniter\Boot::bootWeb(Object(Config\Paths))
#14 {main}
CRITICAL - 2025-10-30 16:42:12 --> CodeIgniter\Database\Exceptions\DatabaseException: Cannot add or update a child row: a foreign key constraint fails (`refugio_animales`.`citas`, CONSTRAINT `citas_ibfk_1` FOREIGN KEY (`id_solicitud`) REFERENCES `solicitudes` (`id_solicitud`))
[Method: POST, Route: agregar_citas]
in SYSTEMPATH\Database\BaseConnection.php on line 684.
 1 SYSTEMPATH\Database\BaseBuilder.php(2345): CodeIgniter\Database\BaseConnection->query('INSERT INTO `citas` (`id_cita`, `id_solicitud`, `fecha_cita`, `hora_cita`, `tipo_cita`) VALUES (:id_cita:, :id_solicitud:, :fecha_cita:, :hora_cita:, :tipo_cita:)', [...], false)
 2 SYSTEMPATH\Model.php(394): CodeIgniter\Database\BaseBuilder->insert()
 3 SYSTEMPATH\BaseModel.php(838): CodeIgniter\Model->doInsert([...])
 4 SYSTEMPATH\Model.php(797): CodeIgniter\BaseModel->insert([...], true)
 5 APPPATH\Controllers\CitasController.php(28): CodeIgniter\Model->insert([...])
 6 SYSTEMPATH\CodeIgniter.php(933): App\Controllers\CitasController->agregarCitas()
 7 SYSTEMPATH\CodeIgniter.php(507): CodeIgniter\CodeIgniter->runController(Object(App\Controllers\CitasController))
 8 SYSTEMPATH\CodeIgniter.php(354): CodeIgniter\CodeIgniter->handleRequest(null, Object(Config\Cache), false)
 9 SYSTEMPATH\Boot.php(363): CodeIgniter\CodeIgniter->run()
10 SYSTEMPATH\Boot.php(68): CodeIgniter\Boot::runCodeIgniter(Object(CodeIgniter\CodeIgniter))
11 FCPATH\index.php(59): CodeIgniter\Boot::bootWeb(Object(Config\Paths))
CRITICAL - 2025-10-30 16:42:12 --> [Caused by] CodeIgniter\Database\Exceptions\DatabaseException: Cannot add or update a child row: a foreign key constraint fails (`refugio_animales`.`citas`, CONSTRAINT `citas_ibfk_1` FOREIGN KEY (`id_solicitud`) REFERENCES `solicitudes` (`id_solicitud`))
in SYSTEMPATH\Database\MySQLi\Connection.php on line 332.
 1 SYSTEMPATH\Database\BaseConnection.php(729): CodeIgniter\Database\MySQLi\Connection->execute('INSERT INTO `citas` (`id_cita`, `id_solicitud`, `fecha_cita`, `hora_cita`, `tipo_cita`) VALUES (\'26\', \'\', \'2025-10-31\', \'12:00\', \'Vacuna\')')
 2 SYSTEMPATH\Database\BaseConnection.php(646): CodeIgniter\Database\BaseConnection->simpleQuery('INSERT INTO `citas` (`id_cita`, `id_solicitud`, `fecha_cita`, `hora_cita`, `tipo_cita`) VALUES (\'26\', \'\', \'2025-10-31\', \'12:00\', \'Vacuna\')')
 3 SYSTEMPATH\Database\BaseBuilder.php(2345): CodeIgniter\Database\BaseConnection->query('INSERT INTO `citas` (`id_cita`, `id_solicitud`, `fecha_cita`, `hora_cita`, `tipo_cita`) VALUES (:id_cita:, :id_solicitud:, :fecha_cita:, :hora_cita:, :tipo_cita:)', [...], false)
 4 SYSTEMPATH\Model.php(394): CodeIgniter\Database\BaseBuilder->insert()
 5 SYSTEMPATH\BaseModel.php(838): CodeIgniter\Model->doInsert([...])
 6 SYSTEMPATH\Model.php(797): CodeIgniter\BaseModel->insert([...], true)
 7 APPPATH\Controllers\CitasController.php(28): CodeIgniter\Model->insert([...])
 8 SYSTEMPATH\CodeIgniter.php(933): App\Controllers\CitasController->agregarCitas()
 9 SYSTEMPATH\CodeIgniter.php(507): CodeIgniter\CodeIgniter->runController(Object(App\Controllers\CitasController))
10 SYSTEMPATH\CodeIgniter.php(354): CodeIgniter\CodeIgniter->handleRequest(null, Object(Config\Cache), false)
11 SYSTEMPATH\Boot.php(363): CodeIgniter\CodeIgniter->run()
12 SYSTEMPATH\Boot.php(68): CodeIgniter\Boot::runCodeIgniter(Object(CodeIgniter\CodeIgniter))
13 FCPATH\index.php(59): CodeIgniter\Boot::bootWeb(Object(Config\Paths))
CRITICAL - 2025-10-30 16:42:12 --> [Caused by] mysqli_sql_exception: Cannot add or update a child row: a foreign key constraint fails (`refugio_animales`.`citas`, CONSTRAINT `citas_ibfk_1` FOREIGN KEY (`id_solicitud`) REFERENCES `solicitudes` (`id_solicitud`))
in SYSTEMPATH\Database\MySQLi\Connection.php on line 327.
 1 SYSTEMPATH\Database\MySQLi\Connection.php(327): mysqli->query('INSERT INTO `citas` (`id_cita`, `id_solicitud`, `fecha_cita`, `hora_cita`, `tipo_cita`) VALUES (\'26\', \'\', \'2025-10-31\', \'12:00\', \'Vacuna\')', 0)
 2 SYSTEMPATH\Database\BaseConnection.php(729): CodeIgniter\Database\MySQLi\Connection->execute('INSERT INTO `citas` (`id_cita`, `id_solicitud`, `fecha_cita`, `hora_cita`, `tipo_cita`) VALUES (\'26\', \'\', \'2025-10-31\', \'12:00\', \'Vacuna\')')
 3 SYSTEMPATH\Database\BaseConnection.php(646): CodeIgniter\Database\BaseConnection->simpleQuery('INSERT INTO `citas` (`id_cita`, `id_solicitud`, `fecha_cita`, `hora_cita`, `tipo_cita`) VALUES (\'26\', \'\', \'2025-10-31\', \'12:00\', \'Vacuna\')')
 4 SYSTEMPATH\Database\BaseBuilder.php(2345): CodeIgniter\Database\BaseConnection->query('INSERT INTO `citas` (`id_cita`, `id_solicitud`, `fecha_cita`, `hora_cita`, `tipo_cita`) VALUES (:id_cita:, :id_solicitud:, :fecha_cita:, :hora_cita:, :tipo_cita:)', [...], false)
 5 SYSTEMPATH\Model.php(394): CodeIgniter\Database\BaseBuilder->insert()
 6 SYSTEMPATH\BaseModel.php(838): CodeIgniter\Model->doInsert([...])
 7 SYSTEMPATH\Model.php(797): CodeIgniter\BaseModel->insert([...], true)
 8 APPPATH\Controllers\CitasController.php(28): CodeIgniter\Model->insert([...])
 9 SYSTEMPATH\CodeIgniter.php(933): App\Controllers\CitasController->agregarCitas()
10 SYSTEMPATH\CodeIgniter.php(507): CodeIgniter\CodeIgniter->runController(Object(App\Controllers\CitasController))
11 SYSTEMPATH\CodeIgniter.php(354): CodeIgniter\CodeIgniter->handleRequest(null, Object(Config\Cache), false)
12 SYSTEMPATH\Boot.php(363): CodeIgniter\CodeIgniter->run()
13 SYSTEMPATH\Boot.php(68): CodeIgniter\Boot::runCodeIgniter(Object(CodeIgniter\CodeIgniter))
14 FCPATH\index.php(59): CodeIgniter\Boot::bootWeb(Object(Config\Paths))
CRITICAL - 2025-10-30 16:42:54 --> ErrorException: Undefined variable $citas
[Method: POST, Route: modificar_citas]
in APPPATH\Controllers\CitasController.php on line 58.
 1 APPPATH\Controllers\CitasController.php(58): CodeIgniter\Debug\Exceptions->errorHandler(2, 'Undefined variable $citas', 'C:\\xampp\\htdocs\\proyecto\\veterinaria\\app\\Controllers\\CitasController.php', 58)
 2 SYSTEMPATH\CodeIgniter.php(933): App\Controllers\CitasController->modificarCitas()
 3 SYSTEMPATH\CodeIgniter.php(507): CodeIgniter\CodeIgniter->runController(Object(App\Controllers\CitasController))
 4 SYSTEMPATH\CodeIgniter.php(354): CodeIgniter\CodeIgniter->handleRequest(null, Object(Config\Cache), false)
 5 SYSTEMPATH\Boot.php(363): CodeIgniter\CodeIgniter->run()
 6 SYSTEMPATH\Boot.php(68): CodeIgniter\Boot::runCodeIgniter(Object(CodeIgniter\CodeIgniter))
 7 FCPATH\index.php(59): CodeIgniter\Boot::bootWeb(Object(Config\Paths))
CRITICAL - 2025-10-30 16:44:21 --> ErrorException: Undefined variable $citas
[Method: POST, Route: modificar_citas]
in APPPATH\Controllers\CitasController.php on line 58.
 1 APPPATH\Controllers\CitasController.php(58): CodeIgniter\Debug\Exceptions->errorHandler(2, 'Undefined variable $citas', 'C:\\xampp\\htdocs\\proyecto\\veterinaria\\app\\Controllers\\CitasController.php', 58)
 2 SYSTEMPATH\CodeIgniter.php(933): App\Controllers\CitasController->modificarCitas()
 3 SYSTEMPATH\CodeIgniter.php(507): CodeIgniter\CodeIgniter->runController(Object(App\Controllers\CitasController))
 4 SYSTEMPATH\CodeIgniter.php(354): CodeIgniter\CodeIgniter->handleRequest(null, Object(Config\Cache), false)
 5 SYSTEMPATH\Boot.php(363): CodeIgniter\CodeIgniter->run()
 6 SYSTEMPATH\Boot.php(68): CodeIgniter\Boot::runCodeIgniter(Object(CodeIgniter\CodeIgniter))
 7 FCPATH\index.php(59): CodeIgniter\Boot::bootWeb(Object(Config\Paths))
CRITICAL - 2025-10-30 17:18:36 --> ErrorException: Undefined variable $citas
[Method: POST, Route: modificar_citas]
in APPPATH\Controllers\CitasController.php on line 58.
 1 APPPATH\Controllers\CitasController.php(58): CodeIgniter\Debug\Exceptions->errorHandler(2, 'Undefined variable $citas', 'C:\\xampp\\htdocs\\proyecto\\veterinaria\\app\\Controllers\\CitasController.php', 58)
 2 SYSTEMPATH\CodeIgniter.php(933): App\Controllers\CitasController->modificarCitas()
 3 SYSTEMPATH\CodeIgniter.php(507): CodeIgniter\CodeIgniter->runController(Object(App\Controllers\CitasController))
 4 SYSTEMPATH\CodeIgniter.php(354): CodeIgniter\CodeIgniter->handleRequest(null, Object(Config\Cache), false)
 5 SYSTEMPATH\Boot.php(363): CodeIgniter\CodeIgniter->run()
 6 SYSTEMPATH\Boot.php(68): CodeIgniter\Boot::runCodeIgniter(Object(CodeIgniter\CodeIgniter))
 7 FCPATH\index.php(59): CodeIgniter\Boot::bootWeb(Object(Config\Paths))
CRITICAL - 2025-10-30 17:21:04 --> ErrorException: Undefined variable $citas
[Method: POST, Route: modificar_citas]
in APPPATH\Controllers\CitasController.php on line 58.
 1 APPPATH\Controllers\CitasController.php(58): CodeIgniter\Debug\Exceptions->errorHandler(2, 'Undefined variable $citas', 'C:\\xampp\\htdocs\\proyecto\\veterinaria\\app\\Controllers\\CitasController.php', 58)
 2 SYSTEMPATH\CodeIgniter.php(933): App\Controllers\CitasController->modificarCitas()
 3 SYSTEMPATH\CodeIgniter.php(507): CodeIgniter\CodeIgniter->runController(Object(App\Controllers\CitasController))
 4 SYSTEMPATH\CodeIgniter.php(354): CodeIgniter\CodeIgniter->handleRequest(null, Object(Config\Cache), false)
 5 SYSTEMPATH\Boot.php(363): CodeIgniter\CodeIgniter->run()
 6 SYSTEMPATH\Boot.php(68): CodeIgniter\Boot::runCodeIgniter(Object(CodeIgniter\CodeIgniter))
 7 FCPATH\index.php(59): CodeIgniter\Boot::bootWeb(Object(Config\Paths))
ERROR - 2025-10-30 17:41:28 --> mysqli_sql_exception: Cannot add or update a child row: a foreign key constraint fails (`refugio_animales`.`citas`, CONSTRAINT `citas_ibfk_1` FOREIGN KEY (`id_solicitud`) REFERENCES `solicitudes` (`id_solicitud`)) in C:\xampp\htdocs\proyecto\veterinaria\system\Database\MySQLi\Connection.php:327
Stack trace:
#0 C:\xampp\htdocs\proyecto\veterinaria\system\Database\MySQLi\Connection.php(327): mysqli->query('INSERT INTO `ci...', 0)
#1 C:\xampp\htdocs\proyecto\veterinaria\system\Database\BaseConnection.php(729): CodeIgniter\Database\MySQLi\Connection->execute('INSERT INTO `ci...')
#2 C:\xampp\htdocs\proyecto\veterinaria\system\Database\BaseConnection.php(646): CodeIgniter\Database\BaseConnection->simpleQuery('INSERT INTO `ci...')
#3 C:\xampp\htdocs\proyecto\veterinaria\system\Database\BaseBuilder.php(2345): CodeIgniter\Database\BaseConnection->query('INSERT INTO `ci...', Array, false)
#4 C:\xampp\htdocs\proyecto\veterinaria\system\Model.php(394): CodeIgniter\Database\BaseBuilder->insert()
#5 C:\xampp\htdocs\proyecto\veterinaria\system\BaseModel.php(838): CodeIgniter\Model->doInsert(Array)
#6 C:\xampp\htdocs\proyecto\veterinaria\system\Model.php(797): CodeIgniter\BaseModel->insert(Array, true)
#7 C:\xampp\htdocs\proyecto\veterinaria\app\Controllers\CitasController.php(28): CodeIgniter\Model->insert(Array)
#8 C:\xampp\htdocs\proyecto\veterinaria\system\CodeIgniter.php(933): App\Controllers\CitasController->agregarCitas()
#9 C:\xampp\htdocs\proyecto\veterinaria\system\CodeIgniter.php(507): CodeIgniter\CodeIgniter->runController(Object(App\Controllers\CitasController))
#10 C:\xampp\htdocs\proyecto\veterinaria\system\CodeIgniter.php(354): CodeIgniter\CodeIgniter->handleRequest(NULL, Object(Config\Cache), false)
#11 C:\xampp\htdocs\proyecto\veterinaria\system\Boot.php(363): CodeIgniter\CodeIgniter->run()
#12 C:\xampp\htdocs\proyecto\veterinaria\system\Boot.php(68): CodeIgniter\Boot::runCodeIgniter(Object(CodeIgniter\CodeIgniter))
#13 C:\xampp\htdocs\proyecto\veterinaria\public\index.php(59): CodeIgniter\Boot::bootWeb(Object(Config\Paths))
#14 {main}
CRITICAL - 2025-10-30 17:41:28 --> CodeIgniter\Database\Exceptions\DatabaseException: Cannot add or update a child row: a foreign key constraint fails (`refugio_animales`.`citas`, CONSTRAINT `citas_ibfk_1` FOREIGN KEY (`id_solicitud`) REFERENCES `solicitudes` (`id_solicitud`))
[Method: POST, Route: agregar_citas]
in SYSTEMPATH\Database\BaseConnection.php on line 684.
 1 SYSTEMPATH\Database\BaseBuilder.php(2345): CodeIgniter\Database\BaseConnection->query('INSERT INTO `citas` (`id_cita`, `id_solicitud`, `fecha_cita`, `hora_cita`, `tipo_cita`) VALUES (:id_cita:, :id_solicitud:, :fecha_cita:, :hora_cita:, :tipo_cita:)', [...], false)
 2 SYSTEMPATH\Model.php(394): CodeIgniter\Database\BaseBuilder->insert()
 3 SYSTEMPATH\BaseModel.php(838): CodeIgniter\Model->doInsert([...])
 4 SYSTEMPATH\Model.php(797): CodeIgniter\BaseModel->insert([...], true)
 5 APPPATH\Controllers\CitasController.php(28): CodeIgniter\Model->insert([...])
 6 SYSTEMPATH\CodeIgniter.php(933): App\Controllers\CitasController->agregarCitas()
 7 SYSTEMPATH\CodeIgniter.php(507): CodeIgniter\CodeIgniter->runController(Object(App\Controllers\CitasController))
 8 SYSTEMPATH\CodeIgniter.php(354): CodeIgniter\CodeIgniter->handleRequest(null, Object(Config\Cache), false)
 9 SYSTEMPATH\Boot.php(363): CodeIgniter\CodeIgniter->run()
10 SYSTEMPATH\Boot.php(68): CodeIgniter\Boot::runCodeIgniter(Object(CodeIgniter\CodeIgniter))
11 FCPATH\index.php(59): CodeIgniter\Boot::bootWeb(Object(Config\Paths))
CRITICAL - 2025-10-30 17:41:28 --> [Caused by] CodeIgniter\Database\Exceptions\DatabaseException: Cannot add or update a child row: a foreign key constraint fails (`refugio_animales`.`citas`, CONSTRAINT `citas_ibfk_1` FOREIGN KEY (`id_solicitud`) REFERENCES `solicitudes` (`id_solicitud`))
in SYSTEMPATH\Database\MySQLi\Connection.php on line 332.
 1 SYSTEMPATH\Database\BaseConnection.php(729): CodeIgniter\Database\MySQLi\Connection->execute('INSERT INTO `citas` (`id_cita`, `id_solicitud`, `fecha_cita`, `hora_cita`, `tipo_cita`) VALUES (\'27\', \'31\', \'2025-10-31\', \'14:00\', \'entrevista\')')
 2 SYSTEMPATH\Database\BaseConnection.php(646): CodeIgniter\Database\BaseConnection->simpleQuery('INSERT INTO `citas` (`id_cita`, `id_solicitud`, `fecha_cita`, `hora_cita`, `tipo_cita`) VALUES (\'27\', \'31\', \'2025-10-31\', \'14:00\', \'entrevista\')')
 3 SYSTEMPATH\Database\BaseBuilder.php(2345): CodeIgniter\Database\BaseConnection->query('INSERT INTO `citas` (`id_cita`, `id_solicitud`, `fecha_cita`, `hora_cita`, `tipo_cita`) VALUES (:id_cita:, :id_solicitud:, :fecha_cita:, :hora_cita:, :tipo_cita:)', [...], false)
 4 SYSTEMPATH\Model.php(394): CodeIgniter\Database\BaseBuilder->insert()
 5 SYSTEMPATH\BaseModel.php(838): CodeIgniter\Model->doInsert([...])
 6 SYSTEMPATH\Model.php(797): CodeIgniter\BaseModel->insert([...], true)
 7 APPPATH\Controllers\CitasController.php(28): CodeIgniter\Model->insert([...])
 8 SYSTEMPATH\CodeIgniter.php(933): App\Controllers\CitasController->agregarCitas()
 9 SYSTEMPATH\CodeIgniter.php(507): CodeIgniter\CodeIgniter->runController(Object(App\Controllers\CitasController))
10 SYSTEMPATH\CodeIgniter.php(354): CodeIgniter\CodeIgniter->handleRequest(null, Object(Config\Cache), false)
11 SYSTEMPATH\Boot.php(363): CodeIgniter\CodeIgniter->run()
12 SYSTEMPATH\Boot.php(68): CodeIgniter\Boot::runCodeIgniter(Object(CodeIgniter\CodeIgniter))
13 FCPATH\index.php(59): CodeIgniter\Boot::bootWeb(Object(Config\Paths))
CRITICAL - 2025-10-30 17:41:28 --> [Caused by] mysqli_sql_exception: Cannot add or update a child row: a foreign key constraint fails (`refugio_animales`.`citas`, CONSTRAINT `citas_ibfk_1` FOREIGN KEY (`id_solicitud`) REFERENCES `solicitudes` (`id_solicitud`))
in SYSTEMPATH\Database\MySQLi\Connection.php on line 327.
 1 SYSTEMPATH\Database\MySQLi\Connection.php(327): mysqli->query('INSERT INTO `citas` (`id_cita`, `id_solicitud`, `fecha_cita`, `hora_cita`, `tipo_cita`) VALUES (\'27\', \'31\', \'2025-10-31\', \'14:00\', \'entrevista\')', 0)
 2 SYSTEMPATH\Database\BaseConnection.php(729): CodeIgniter\Database\MySQLi\Connection->execute('INSERT INTO `citas` (`id_cita`, `id_solicitud`, `fecha_cita`, `hora_cita`, `tipo_cita`) VALUES (\'27\', \'31\', \'2025-10-31\', \'14:00\', \'entrevista\')')
 3 SYSTEMPATH\Database\BaseConnection.php(646): CodeIgniter\Database\BaseConnection->simpleQuery('INSERT INTO `citas` (`id_cita`, `id_solicitud`, `fecha_cita`, `hora_cita`, `tipo_cita`) VALUES (\'27\', \'31\', \'2025-10-31\', \'14:00\', \'entrevista\')')
 4 SYSTEMPATH\Database\BaseBuilder.php(2345): CodeIgniter\Database\BaseConnection->query('INSERT INTO `citas` (`id_cita`, `id_solicitud`, `fecha_cita`, `hora_cita`, `tipo_cita`) VALUES (:id_cita:, :id_solicitud:, :fecha_cita:, :hora_cita:, :tipo_cita:)', [...], false)
 5 SYSTEMPATH\Model.php(394): CodeIgniter\Database\BaseBuilder->insert()
 6 SYSTEMPATH\BaseModel.php(838): CodeIgniter\Model->doInsert([...])
 7 SYSTEMPATH\Model.php(797): CodeIgniter\BaseModel->insert([...], true)
 8 APPPATH\Controllers\CitasController.php(28): CodeIgniter\Model->insert([...])
 9 SYSTEMPATH\CodeIgniter.php(933): App\Controllers\CitasController->agregarCitas()
10 SYSTEMPATH\CodeIgniter.php(507): CodeIgniter\CodeIgniter->runController(Object(App\Controllers\CitasController))
11 SYSTEMPATH\CodeIgniter.php(354): CodeIgniter\CodeIgniter->handleRequest(null, Object(Config\Cache), false)
12 SYSTEMPATH\Boot.php(363): CodeIgniter\CodeIgniter->run()
13 SYSTEMPATH\Boot.php(68): CodeIgniter\Boot::runCodeIgniter(Object(CodeIgniter\CodeIgniter))
14 FCPATH\index.php(59): CodeIgniter\Boot::bootWeb(Object(Config\Paths))
CRITICAL - 2025-10-30 17:47:13 --> ParseError: syntax error, unexpected identifier " "
[Method: POST, Route: modificar_citas]
in APPPATH\Views\citas.php on line 148.
 1 SYSTEMPATH\View\View.php(229): CodeIgniter\View\View->CodeIgniter\View\{closure}()
 2 SYSTEMPATH\Common.php(1167): CodeIgniter\View\View->render('citas', [], true)
 3 APPPATH\Controllers\CitasController.php(12): view('citas', [...])
 4 APPPATH\Controllers\CitasController.php(59): App\Controllers\CitasController->index()
 5 SYSTEMPATH\CodeIgniter.php(933): App\Controllers\CitasController->modificarCitas()
 6 SYSTEMPATH\CodeIgniter.php(507): CodeIgniter\CodeIgniter->runController(Object(App\Controllers\CitasController))
 7 SYSTEMPATH\CodeIgniter.php(354): CodeIgniter\CodeIgniter->handleRequest(null, Object(Config\Cache), false)
 8 SYSTEMPATH\Boot.php(363): CodeIgniter\CodeIgniter->run()
 9 SYSTEMPATH\Boot.php(68): CodeIgniter\Boot::runCodeIgniter(Object(CodeIgniter\CodeIgniter))
10 FCPATH\index.php(59): CodeIgniter\Boot::bootWeb(Object(Config\Paths))
CRITICAL - 2025-10-30 17:48:40 --> ParseError: syntax error, unexpected identifier " "
[Method: GET, Route: citas]
in APPPATH\Views\citas.php on line 137.
 1 SYSTEMPATH\View\View.php(229): CodeIgniter\View\View->CodeIgniter\View\{closure}()
 2 SYSTEMPATH\Common.php(1167): CodeIgniter\View\View->render('citas', [], true)
 3 APPPATH\Controllers\CitasController.php(12): view('citas', [...])
 4 SYSTEMPATH\CodeIgniter.php(933): App\Controllers\CitasController->index()
 5 SYSTEMPATH\CodeIgniter.php(507): CodeIgniter\CodeIgniter->runController(Object(App\Controllers\CitasController))
 6 SYSTEMPATH\CodeIgniter.php(354): CodeIgniter\CodeIgniter->handleRequest(null, Object(Config\Cache), false)
 7 SYSTEMPATH\Boot.php(363): CodeIgniter\CodeIgniter->run()
 8 SYSTEMPATH\Boot.php(68): CodeIgniter\Boot::runCodeIgniter(Object(CodeIgniter\CodeIgniter))
 9 FCPATH\index.php(59): CodeIgniter\Boot::bootWeb(Object(Config\Paths))
